# JRE version: Java(TM) SE Runtime Environment (8.0_191-b12) (build 1.8.0_191-b12)
# Java VM: Java HotSpot(TM) 64-Bit Server VM (25.191-b12 mixed mode windows-amd64 compressed oops)
Heap:
 PSYoungGen      total 205824K, used 185821K [0x000000076b400000, 0x0000000779000000, 0x00000007c0000000)
  eden space 192512K, 89% used [0x000000076b400000,0x0000000775c7cee0,0x0000000777000000)
  from space 13312K, 99% used [0x0000000778300000,0x0000000778ffa800,0x0000000779000000)
  to   space 14848K, 0% used [0x0000000777300000,0x0000000777300000,0x0000000778180000)
 ParOldGen       total 175104K, used 16448K [0x00000006c1c00000, 0x00000006cc700000, 0x000000076b400000)
  object space 175104K, 9% used [0x00000006c1c00000,0x00000006c2c10240,0x00000006cc700000)
 Metaspace       used 48974K, capacity 50911K, committed 51120K, reserved 1093632K
  class space    used 6414K, capacity 6771K, committed 6832K, reserved 1048576K
GC Heap History (10 events):
Event: 5.804 GC heap before
{Heap before GC invocations=6 (full 1):
 PSYoungGen      total 110080K, used 109709K [0x000000076b400000, 0x0000000774580000, 0x00000007c0000000)
  eden space 102912K, 100% used [0x000000076b400000,0x0000000771880000,0x0000000771880000)
  from space 7168K, 94% used [0x0000000773e80000,0x0000000774523700,0x0000000774580000)
  to   space 10752K, 0% used [0x0000000773080000,0x0000000773080000,0x0000000773b00000)
 ParOldGen       total 99840K, used 7361K [0x00000006c1c00000, 0x00000006c7d80000, 0x000000076b400000)
  object space 99840K, 7% used [0x00000006c1c00000,0x00000006c2330490,0x00000006c7d80000)
 Metaspace       used 31128K, capacity 32151K, committed 32304K, reserved 1077248K
  class space    used 4057K, capacity 4281K, committed 4400K, reserved 1048576K
Event: 5.823 GC heap after
Heap after GC invocations=6 (full 1):
 PSYoungGen      total 138240K, used 10728K [0x000000076b400000, 0x0000000776880000, 0x00000007c0000000)
  eden space 127488K, 0% used [0x000000076b400000,0x000000076b400000,0x0000000773080000)
  from space 10752K, 99% used [0x0000000773080000,0x0000000773afa170,0x0000000773b00000)
  to   space 12288K, 0% used [0x0000000775c80000,0x0000000775c80000,0x0000000776880000)
 ParOldGen       total 99840K, used 8351K [0x00000006c1c00000, 0x00000006c7d80000, 0x000000076b400000)
  object space 99840K, 8% used [0x00000006c1c00000,0x00000006c2427fb0,0x00000006c7d80000)
 Metaspace       used 31128K, capacity 32151K, committed 32304K, reserved 1077248K
  class space    used 4057K, capacity 4281K, committed 4400K, reserved 1048576K
}
Event: 7.958 GC heap before
{Heap before GC invocations=7 (full 1):
 PSYoungGen      total 138240K, used 79864K [0x000000076b400000, 0x0000000776880000, 0x00000007c0000000)
  eden space 127488K, 54% used [0x000000076b400000,0x000000076f783f18,0x0000000773080000)
  from space 10752K, 99% used [0x0000000773080000,0x0000000773afa170,0x0000000773b00000)
  to   space 12288K, 0% used [0x0000000775c80000,0x0000000775c80000,0x0000000776880000)
 ParOldGen       total 99840K, used 8351K [0x00000006c1c00000, 0x00000006c7d80000, 0x000000076b400000)
  object space 99840K, 8% used [0x00000006c1c00000,0x00000006c2427fb0,0x00000006c7d80000)
 Metaspace       used 34400K, capacity 35387K, committed 35496K, reserved 1081344K
  class space    used 4434K, capacity 4655K, committed 4656K, reserved 1048576K
Event: 8.037 GC heap after
Heap after GC invocations=7 (full 1):
 PSYoungGen      total 171520K, used 11707K [0x000000076b400000, 0x0000000779900000, 0x00000007c0000000)
  eden space 159232K, 0% used [0x000000076b400000,0x000000076b400000,0x0000000774f80000)
  from space 12288K, 95% used [0x0000000775c80000,0x00000007767eefd8,0x0000000776880000)
  to   space 13312K, 0% used [0x0000000774f80000,0x0000000774f80000,0x0000000775c80000)
 ParOldGen       total 99840K, used 8351K [0x00000006c1c00000, 0x00000006c7d80000, 0x000000076b400000)
  object space 99840K, 8% used [0x00000006c1c00000,0x00000006c2427fb0,0x00000006c7d80000)
 Metaspace       used 34400K, capacity 35387K, committed 35496K, reserved 1081344K
  class space    used 4434K, capacity 4655K, committed 4656K, reserved 1048576K
}
Event: 8.037 GC heap before
{Heap before GC invocations=8 (full 2):
 PSYoungGen      total 171520K, used 11707K [0x000000076b400000, 0x0000000779900000, 0x00000007c0000000)
  eden space 159232K, 0% used [0x000000076b400000,0x000000076b400000,0x0000000774f80000)
  from space 12288K, 95% used [0x0000000775c80000,0x00000007767eefd8,0x0000000776880000)
  to   space 13312K, 0% used [0x0000000774f80000,0x0000000774f80000,0x0000000775c80000)
 ParOldGen       total 99840K, used 8351K [0x00000006c1c00000, 0x00000006c7d80000, 0x000000076b400000)
  object space 99840K, 8% used [0x00000006c1c00000,0x00000006c2427fb0,0x00000006c7d80000)
 Metaspace       used 34400K, capacity 35387K, committed 35496K, reserved 1081344K
  class space    used 4434K, capacity 4655K, committed 4656K, reserved 1048576K
Event: 8.484 GC heap after
Heap after GC invocations=8 (full 2):
 PSYoungGen      total 171520K, used 0K [0x000000076b400000, 0x0000000779900000, 0x00000007c0000000)
  eden space 159232K, 0% used [0x000000076b400000,0x000000076b400000,0x0000000774f80000)
  from space 12288K, 0% used [0x0000000775c80000,0x0000000775c80000,0x0000000776880000)
  to   space 13312K, 0% used [0x0000000774f80000,0x0000000774f80000,0x0000000775c80000)
 ParOldGen       total 175104K, used 16287K [0x00000006c1c00000, 0x00000006cc700000, 0x000000076b400000)
  object space 175104K, 9% used [0x00000006c1c00000,0x00000006c2be7de0,0x00000006cc700000)
 Metaspace       used 34400K, capacity 35387K, committed 35496K, reserved 1081344K
  class space    used 4434K, capacity 4655K, committed 4656K, reserved 1048576K
}
Event: 11.486 GC heap before
{Heap before GC invocations=9 (full 2):
 PSYoungGen      total 171520K, used 159232K [0x000000076b400000, 0x0000000779900000, 0x00000007c0000000)
  eden space 159232K, 100% used [0x000000076b400000,0x0000000774f80000,0x0000000774f80000)
  from space 12288K, 0% used [0x0000000775c80000,0x0000000775c80000,0x0000000776880000)
  to   space 13312K, 0% used [0x0000000774f80000,0x0000000774f80000,0x0000000775c80000)
 ParOldGen       total 175104K, used 16287K [0x00000006c1c00000, 0x00000006cc700000, 0x000000076b400000)
  object space 175104K, 9% used [0x00000006c1c00000,0x00000006c2be7de0,0x00000006cc700000)
 Metaspace       used 38880K, capacity 40397K, committed 40752K, reserved 1085440K
  class space    used 5001K, capacity 5306K, committed 5424K, reserved 1048576K
Event: 11.497 GC heap after
Heap after GC invocations=9 (full 2):
 PSYoungGen      total 172544K, used 7828K [0x000000076b400000, 0x0000000779000000, 0x00000007c0000000)
  eden space 159232K, 0% used [0x000000076b400000,0x000000076b400000,0x0000000774f80000)
  from space 13312K, 58% used [0x0000000774f80000,0x0000000775725250,0x0000000775c80000)
  to   space 13312K, 0% used [0x0000000778300000,0x0000000778300000,0x0000000779000000)
 ParOldGen       total 175104K, used 16295K [0x00000006c1c00000, 0x00000006cc700000, 0x000000076b400000)
  object space 175104K, 9% used [0x00000006c1c00000,0x00000006c2be9de0,0x00000006cc700000)
 Metaspace       used 38880K, capacity 40397K, committed 40752K, reserved 1085440K
  class space    used 5001K, capacity 5306K, committed 5424K, reserved 1048576K
}
Event: 19.954 GC heap before
{Heap before GC invocations=10 (full 2):
 PSYoungGen      total 172544K, used 167060K [0x000000076b400000, 0x0000000779000000, 0x00000007c0000000)
  eden space 159232K, 100% used [0x000000076b400000,0x0000000774f80000,0x0000000774f80000)
  from space 13312K, 58% used [0x0000000774f80000,0x0000000775725250,0x0000000775c80000)
  to   space 13312K, 0% used [0x0000000778300000,0x0000000778300000,0x0000000779000000)
 ParOldGen       total 175104K, used 16295K [0x00000006c1c00000, 0x00000006cc700000, 0x000000076b400000)
  object space 175104K, 9% used [0x00000006c1c00000,0x00000006c2be9de0,0x00000006cc700000)
 Metaspace       used 43815K, capacity 45561K, committed 45744K, reserved 1089536K
  class space    used 5641K, capacity 5952K, committed 6064K, reserved 1048576K
Event: 19.984 GC heap after
Heap after GC invocations=10 (full 2):
 PSYoungGen      total 205824K, used 13290K [0x000000076b400000, 0x0000000779000000, 0x00000007c0000000)
  eden space 192512K, 0% used [0x000000076b400000,0x000000076b400000,0x0000000777000000)
  from space 13312K, 99% used [0x0000000778300000,0x0000000778ffa800,0x0000000779000000)
  to   space 14848K, 0% used [0x0000000777300000,0x0000000777300000,0x0000000778180000)
 ParOldGen       total 175104K, used 16448K [0x00000006c1c00000, 0x00000006cc700000, 0x000000076b400000)
  object space 175104K, 9% used [0x00000006c1c00000,0x00000006c2c10240,0x00000006cc700000)
 Metaspace       used 43815K, capacity 45561K, committed 45744K, reserved 1089536K
  class space    used 5641K, capacity 5952K, committed 6064K, reserved 1048576K
}

